<?xml version="1.0" encoding="UTF-8" ?>
<testsuite tests="2" failures="0" name="com.jagrosh.jmusicbot.FairQueueTest" time="0.004" errors="0" skipped="0">
  <properties>
    <property name="idea.version" value="2021.2.1"/>
    <property name="java.runtime.name" value="OpenJDK Runtime Environment"/>
    <property name="java.vm.version" value="16.0.2+7"/>
    <property name="sun.boot.library.path" value="/Library/Java/JavaVirtualMachines/zulu-16.jdk/Contents/Home/lib"/>
    <property name="maven.multiModuleProjectDirectory" value="/Users/garvshah/Documents/GitHub/flipfudge/MusicBot"/>
    <property name="java.vm.vendor" value="Azul Systems, Inc."/>
    <property name="java.vendor.url" value="http://www.azul.com/"/>
    <property name="path.separator" value=":"/>
    <property name="guice.disable.misplaced.annotation.check" value="true"/>
    <property name="java.vm.name" value="OpenJDK 64-Bit Server VM"/>
    <property name="user.country" value="AU"/>
    <property name="sun.java.launcher" value="SUN_STANDARD"/>
    <property name="java.vm.specification.name" value="Java Virtual Machine Specification"/>
    <property name="user.dir" value="/Users/garvshah/Documents/GitHub/flipfudge/MusicBot"/>
    <property name="java.vm.compressedOopsMode" value="Zero based"/>
    <property name="java.runtime.version" value="16.0.2+7"/>
    <property name="os.arch" value="aarch64"/>
    <property name="java.io.tmpdir" value="/var/folders/1h/1f6mjgw9067f3lxg419_2m340000gn/T/"/>
    <property name="line.separator" value="
"/>
    <property name="java.vm.specification.vendor" value="Oracle Corporation"/>
    <property name="os.name" value="Mac OS X"/>
    <property name="maven.ext.class.path" value="/Users/garvshah/Library/Application Support/JetBrains/Toolbox/apps/IDEA-U/ch-1/212.5080.55/IntelliJ IDEA.app/Contents/plugins/maven/lib/maven-event-listener.jar"/>
    <property name="classworlds.conf" value="/Users/garvshah/Library/Application Support/JetBrains/Toolbox/apps/IDEA-U/ch-1/212.5080.55/IntelliJ IDEA.app/Contents/plugins/maven/lib/maven3/bin/m2.conf"/>
    <property name="sun.jnu.encoding" value="UTF-8"/>
    <property name="java.library.path" value="/Users/garvshah/Library/Java/Extensions:/Library/Java/Extensions:/Network/Library/Java/Extensions:/System/Library/Java/Extensions:/usr/lib/java:."/>
    <property name="maven.conf" value="/Users/garvshah/Library/Application Support/JetBrains/Toolbox/apps/IDEA-U/ch-1/212.5080.55/IntelliJ IDEA.app/Contents/plugins/maven/lib/maven3/conf"/>
    <property name="jdk.debug" value="release"/>
    <property name="java.class.version" value="60.0"/>
    <property name="java.specification.name" value="Java Platform API Specification"/>
    <property name="sun.management.compiler" value="HotSpot 64-Bit Tiered Compilers"/>
    <property name="os.version" value="12.0"/>
    <property name="user.home" value="/Users/garvshah"/>
    <property name="user.timezone" value="Australia/Melbourne"/>
    <property name="file.encoding" value="UTF-8"/>
    <property name="java.specification.version" value="16"/>
    <property name="user.name" value="garvshah"/>
    <property name="java.class.path" value="/Users/garvshah/Library/Application Support/JetBrains/Toolbox/apps/IDEA-U/ch-1/212.5080.55/IntelliJ IDEA.app/Contents/plugins/maven/lib/maven3/boot/plexus-classworlds.license:/Users/garvshah/Library/Application Support/JetBrains/Toolbox/apps/IDEA-U/ch-1/212.5080.55/IntelliJ IDEA.app/Contents/plugins/maven/lib/maven3/boot/plexus-classworlds-2.6.0.jar"/>
    <property name="java.vm.specification.version" value="16"/>
    <property name="sun.arch.data.model" value="64"/>
    <property name="sun.java.command" value="org.codehaus.classworlds.Launcher -Didea.version=2021.2.1 package"/>
    <property name="java.home" value="/Library/Java/JavaVirtualMachines/zulu-16.jdk/Contents/Home"/>
    <property name="user.language" value="en"/>
    <property name="java.specification.vendor" value="Oracle Corporation"/>
    <property name="java.vm.info" value="mixed mode"/>
    <property name="java.version" value="16.0.2"/>
    <property name="java.vendor" value="Azul Systems, Inc."/>
    <property name="maven.home" value="/Users/garvshah/Library/Application Support/JetBrains/Toolbox/apps/IDEA-U/ch-1/212.5080.55/IntelliJ IDEA.app/Contents/plugins/maven/lib/maven3"/>
    <property name="file.separator" value="/"/>
    <property name="java.version.date" value="2021-07-20"/>
    <property name="java.vendor.url.bug" value="http://www.azul.com/support/"/>
    <property name="sun.io.unicode.encoding" value="UnicodeBig"/>
    <property name="sun.cpu.endian" value="little"/>
    <property name="java.vendor.version" value="Zulu16.32+15-CA"/>
  </properties>
  <testcase classname="com.jagrosh.jmusicbot.FairQueueTest" name="sameIdentifierSize" time="0.003"/>
  <testcase classname="com.jagrosh.jmusicbot.FairQueueTest" name="differentIdentifierSize" time="0.001"/>
</testsuite>